c:\users\sofy\documents\opengltrain\opengltrain\opengltrain\release\vc141.pdb
c:\users\sofy\documents\opengltrain\opengltrain\opengltrain\release\voxel.obj
c:\users\sofy\documents\opengltrain\opengltrain\opengltrain\release\using_voxel.obj
c:\users\sofy\documents\opengltrain\opengltrain\opengltrain\release\tool.obj
c:\users\sofy\documents\opengltrain\opengltrain\opengltrain\release\using_stl.obj
c:\users\sofy\documents\opengltrain\opengltrain\opengltrain\release\spidar.obj
c:\users\sofy\documents\opengltrain\opengltrain\opengltrain\release\smartcollision_setup.obj
c:\users\sofy\documents\opengltrain\opengltrain\opengltrain\release\sc_stl.obj
c:\users\sofy\documents\opengltrain\opengltrain\opengltrain\release\rotation.obj
c:\users\sofy\documents\opengltrain\opengltrain\opengltrain\release\object.obj
c:\users\sofy\documents\opengltrain\opengltrain\opengltrain\release\main.obj
c:\users\sofy\documents\opengltrain\opengltrain\opengltrain\release\hapticcalculation.obj
c:\users\sofy\documents\opengltrain\opengltrain\opengltrain\release\glut_setup.obj
c:\users\sofy\documents\opengltrain\opengltrain\opengltrain\release\load_stlmodel.obj
c:\users\sofy\documents\opengltrain\opengltrain\opengltrain\release\keybord.obj
c:\users\sofy\documents\opengltrain\opengltrain\opengltrain\release\display.obj
c:\users\sofy\documents\opengltrain\opengltrain\opengltrain\release\cutting_force.obj
c:\users\sofy\documents\opengltrain\opengltrain\opengltrain\release\cutting_edge_object.obj
c:\users\sofy\documents\opengltrain\opengltrain\opengltrain\release\audio.obj
c:\users\sofy\documents\opengltrain\opengltrain\opengltrain\release\opengltrain.tlog\cl.command.1.tlog
c:\users\sofy\documents\opengltrain\opengltrain\opengltrain\release\opengltrain.tlog\cl.read.1.tlog
c:\users\sofy\documents\opengltrain\opengltrain\opengltrain\release\opengltrain.tlog\cl.write.1.tlog
c:\users\sofy\documents\opengltrain\opengltrain\opengltrain\release\opengltrain.tlog\link.command.1.tlog
c:\users\sofy\documents\opengltrain\opengltrain\opengltrain\release\opengltrain.tlog\link.read.1.tlog
c:\users\sofy\documents\opengltrain\opengltrain\opengltrain\release\opengltrain.tlog\link.write.1.tlog
