  Audio.cpp
  CuttingForce.cpp
  display.cpp
  glut_setup.cpp
  HapticCalculation.cpp
  main.cpp
  object.cpp
c:\users\sofy\documents\opengltrain\opengltrain\opengltrain\tool.h(6): warning C4244: '初期化中': 'double' から 'int' への変換です。データが失われる可能性があります。
  smartcollision_setup.cpp
  SpidarInitcpp.cpp
  Tool.cpp
c:\users\sofy\documents\opengltrain\opengltrain\opengltrain\tool.h(6): warning C4244: '初期化中': 'double' から 'int' への変換です。データが失われる可能性があります。
c:\users\sofy\documents\opengltrain\opengltrain\opengltrain\tool.cpp(29): warning C4244: '引数': 'int' から 'float' への変換です。データが失われる可能性があります。
c:\users\sofy\documents\opengltrain\opengltrain\opengltrain\tool.cpp(43): warning C4244: '引数': 'int' から 'float' への変換です。データが失われる可能性があります。
  Voxel.cpp
  コード生成しています。
  32 of 32 functions (100.0%) were compiled.
    4 functions were new in current compilation
    0 functions had inline decision re-evaluated but remain unchanged
  コード生成が終了しました。
  OpenGLTrain.vcxproj -> C:\Users\sofy\Documents\OpenglTrain\OpenGLTrain\OpenGLTrain\../../bin\OpenGLTrain.exe
